[2021-5-5 14:52:28] 📨 >> GET / ""
[2021-5-5 14:52:29] 💌 << 200 OK
[2021-5-5 14:52:30] 📨 >> GET /user/1 ""
[2021-5-5 14:52:30] 💌 << 200 OK
[2021-5-5 14:52:31] 📨 >> GET /auth/login ""
[2021-5-5 14:52:31] 💌 << 200 OK
[2021-5-5 14:52:31] 📨 >> GET /user/1 ""
[2021-5-5 14:52:31] 💌 << 200 OK
[2021-5-5 14:52:32] 📨 >> POST /auth/login {
	"email": "Kieran57@yahoo.com",
	"password": "0W_cc6rOTww13ko"
}
[2021-5-5 14:52:32] 💌 << 303 SEE_OTHER
[2021-5-5 14:52:32] 📨 >> GET /user/1 ""
[2021-5-5 14:52:32] 💌 << 200 OK
[2021-5-5 14:52:32] 📨 >> GET /user/1 ""
[2021-5-5 14:52:32] 💌 << 200 OK
[2021-5-5 14:52:32] 📨 >> GET / ""
[2021-5-5 14:52:32] 💌 << 200 OK
[2021-5-5 14:52:33] 📨 >> GET /user/1 ""
[2021-5-5 14:52:33] 💌 << 200 OK
[2021-5-5 14:52:33] 📨 >> GET /category/1 ""
[2021-5-5 14:52:33] ReferenceError: id is not defined
    at Function.findAll (/home/maxence-roy/web-ii/Assignments/5-Fetch/src/models/Post.js:119:42)
    at processTicksAndRejections (internal/process/task_queues.js:93:5)
    at async CategoryController.show (/home/maxence-roy/web-ii/Assignments/5-Fetch/src/controllers/CategoryController.js:73:20)
    at async Router.dispatch (/home/maxence-roy/web-ii/Assignments/5-Fetch/src/router/Router.js:56:20)
    at async App.sendResponse (/home/maxence-roy/web-ii/Assignments/5-Fetch/src/App.js:43:20)
    at async Server.<anonymous> (/home/maxence-roy/web-ii/Assignments/5-Fetch/server.js:91:2)
[2021-5-5 14:52:33] 💌 << undefined undefined
[2021-5-5 15:4:43] 📨 >> GET / ""
[2021-5-5 15:4:43] 💌 << 200 OK
[2021-5-5 15:4:43] 📨 >> GET /user/1 ""
[2021-5-5 15:4:43] 💌 << 200 OK
[2021-5-5 15:4:44] 📨 >> GET /auth/login ""
[2021-5-5 15:4:44] 💌 << 200 OK
[2021-5-5 15:4:44] 📨 >> GET /user/1 ""
[2021-5-5 15:4:44] 💌 << 200 OK
[2021-5-5 15:4:44] 📨 >> POST /auth/login {
	"email": "America57@hotmail.com",
	"password": "UAn8KI_O_zIQwvb"
}
[2021-5-5 15:4:44] 💌 << 303 SEE_OTHER
[2021-5-5 15:4:44] 📨 >> GET /user/1 ""
[2021-5-5 15:4:44] 💌 << 200 OK
[2021-5-5 15:4:44] 📨 >> GET /user/1 ""
[2021-5-5 15:4:44] 💌 << 200 OK
[2021-5-5 15:4:44] 📨 >> GET / ""
[2021-5-5 15:4:44] 💌 << 200 OK
[2021-5-5 15:4:44] 📨 >> GET /user/1 ""
[2021-5-5 15:4:44] 💌 << 200 OK
[2021-5-5 15:4:44] 📨 >> GET /category/1 ""
[2021-5-5 15:4:45] 💌 << 200 OK
[2021-5-5 15:4:45] 📨 >> GET /user/1 ""
[2021-5-5 15:4:45] 💌 << 200 OK
[2021-5-5 15:4:45] 📨 >> GET /post/1 ""
[2021-5-5 15:4:45] 💌 << 200 OK
[2021-5-5 15:4:45] 📨 >> GET /user/1 ""
[2021-5-5 15:4:45] 💌 << 200 OK
[2021-5-5 15:4:45] 📨 >> GET //post/1/bookmark ""
[2021-5-5 15:4:45] 💌 << 200 OK
[2021-5-5 15:9:45] 📨 >> GET / ""
[2021-5-5 15:9:45] 💌 << 200 OK
[2021-5-5 15:9:45] 📨 >> GET /user/1 ""
[2021-5-5 15:9:45] 💌 << 200 OK
[2021-5-5 15:9:45] 📨 >> GET /auth/login ""
[2021-5-5 15:9:45] 💌 << 200 OK
[2021-5-5 15:9:45] 📨 >> GET /user/1 ""
[2021-5-5 15:9:46] 💌 << 200 OK
[2021-5-5 15:9:46] 📨 >> POST /auth/login {
	"email": "Alysa_Lind82@gmail.com",
	"password": "50Bj1NN1LbXgPQj"
}
[2021-5-5 15:9:46] 💌 << 303 SEE_OTHER
[2021-5-5 15:9:46] 📨 >> GET /user/1 ""
[2021-5-5 15:9:46] 💌 << 200 OK
[2021-5-5 15:9:46] 📨 >> GET /user/1 ""
[2021-5-5 15:9:46] 💌 << 200 OK
[2021-5-5 15:9:46] 📨 >> GET / ""
[2021-5-5 15:9:46] 💌 << 200 OK
[2021-5-5 15:9:46] 📨 >> GET /user/1 ""
[2021-5-5 15:9:46] 💌 << 200 OK
[2021-5-5 15:9:46] 📨 >> GET /category/1 ""
[2021-5-5 15:9:46] 💌 << 200 OK
[2021-5-5 15:9:46] 📨 >> GET /user/1 ""
[2021-5-5 15:9:46] 💌 << 200 OK
[2021-5-5 15:9:46] 📨 >> GET /post/1 ""
[2021-5-5 15:9:47] 💌 << 200 OK
[2021-5-5 15:9:47] 📨 >> GET /user/1 ""
[2021-5-5 15:9:47] 💌 << 200 OK
[2021-5-5 15:9:47] 📨 >> GET //post/1/bookmark ""
[2021-5-5 15:9:47] 💌 << 200 OK
[2021-5-5 15:15:15] 📨 >> GET / ""
[2021-5-5 15:15:15] 💌 << 200 OK
[2021-5-5 15:15:15] 📨 >> GET /user/1 ""
[2021-5-5 15:15:15] 💌 << 200 OK
[2021-5-5 15:15:16] 📨 >> GET /auth/login ""
[2021-5-5 15:15:16] 💌 << 200 OK
[2021-5-5 15:15:16] 📨 >> GET /user/1 ""
[2021-5-5 15:15:16] 💌 << 200 OK
[2021-5-5 15:15:19] 📨 >> POST /auth/login {
	"email": "Junius15@gmail.com",
	"password": "JZlML_MNCQWO0VK"
}
[2021-5-5 15:15:19] 💌 << 303 SEE_OTHER
[2021-5-5 15:15:19] 📨 >> GET /user/1 ""
[2021-5-5 15:15:19] 💌 << 200 OK
[2021-5-5 15:15:19] 📨 >> GET /user/1 ""
[2021-5-5 15:15:19] 💌 << 200 OK
[2021-5-5 15:15:22] 📨 >> GET / ""
[2021-5-5 15:15:22] 💌 << 200 OK
[2021-5-5 15:15:22] 📨 >> GET /user/1 ""
[2021-5-5 15:15:22] 💌 << 200 OK
[2021-5-5 15:15:23] 📨 >> GET /category/1 ""
[2021-5-5 15:15:23] 💌 << 200 OK
[2021-5-5 15:15:23] 📨 >> GET /user/1 ""
[2021-5-5 15:15:23] 💌 << 200 OK
[2021-5-5 15:15:26] 📨 >> GET /post/1 ""
[2021-5-5 15:15:27] 💌 << 200 OK
[2021-5-5 15:15:27] 📨 >> GET /user/1 ""
[2021-5-5 15:15:27] 💌 << 200 OK
[2021-5-5 15:15:33] 📨 >> GET /post/1/unbookmark ""
[2021-5-5 15:15:33] PostException: Cannot unbookmark Post: Post has not been bookmarked.
    at Post.unbookmark (/home/maxence-roy/web-ii/Assignments/5-Fetch/src/models/Post.js:238:10)
    at processTicksAndRejections (internal/process/task_queues.js:93:5)
    at async PostController.unbookmark (/home/maxence-roy/web-ii/Assignments/5-Fetch/src/controllers/PostController.js:246:9)
    at async Router.dispatch (/home/maxence-roy/web-ii/Assignments/5-Fetch/src/router/Router.js:56:20)
    at async App.sendResponse (/home/maxence-roy/web-ii/Assignments/5-Fetch/src/App.js:43:20)
    at async Server.<anonymous> (/home/maxence-roy/web-ii/Assignments/5-Fetch/server.js:91:2)
[2021-5-5 15:15:33] PostException: Cannot unbookmark Post: Post has not been bookmarked.
    at Post.unbookmark (/home/maxence-roy/web-ii/Assignments/5-Fetch/src/models/Post.js:238:10)
    at processTicksAndRejections (internal/process/task_queues.js:93:5)
    at async PostController.unbookmark (/home/maxence-roy/web-ii/Assignments/5-Fetch/src/controllers/PostController.js:246:9)
    at async Router.dispatch (/home/maxence-roy/web-ii/Assignments/5-Fetch/src/router/Router.js:56:20)
    at async App.sendResponse (/home/maxence-roy/web-ii/Assignments/5-Fetch/src/App.js:43:20)
    at async Server.<anonymous> (/home/maxence-roy/web-ii/Assignments/5-Fetch/server.js:91:2)
[2021-5-5 15:15:33] 💌 << 400 BAD_REQUEST
[2021-5-5 15:17:29] 📨 >> GET / ""
[2021-5-5 15:17:30] 💌 << 200 OK
[2021-5-5 15:17:30] 📨 >> GET /user/1 ""
[2021-5-5 15:17:30] 💌 << 200 OK
[2021-5-5 15:17:30] 📨 >> GET /auth/login ""
[2021-5-5 15:17:30] 💌 << 200 OK
[2021-5-5 15:17:30] 📨 >> GET /user/1 ""
[2021-5-5 15:17:30] 💌 << 200 OK
[2021-5-5 15:17:30] 📨 >> POST /auth/login {
	"email": "Jeffrey32@yahoo.com",
	"password": "wkSsUW4ip7ew9uG"
}
[2021-5-5 15:17:30] 💌 << 303 SEE_OTHER
[2021-5-5 15:17:30] 📨 >> GET /user/7 ""
[2021-5-5 15:17:30] 💌 << 200 OK
[2021-5-5 15:17:30] 📨 >> GET /user/1 ""
[2021-5-5 15:17:30] 💌 << 200 OK
[2021-5-5 15:17:30] 📨 >> GET / ""
[2021-5-5 15:17:30] 💌 << 200 OK
[2021-5-5 15:17:30] 📨 >> GET /user/1 ""
[2021-5-5 15:17:30] 💌 << 200 OK
[2021-5-5 15:17:31] 📨 >> GET /category/3 ""
[2021-5-5 15:17:31] 💌 << 200 OK
[2021-5-5 15:17:31] 📨 >> GET /user/1 ""
[2021-5-5 15:17:31] 💌 << 200 OK
[2021-5-5 15:17:31] 📨 >> GET /post/3 ""
[2021-5-5 15:17:31] 💌 << 200 OK
[2021-5-5 15:17:31] 📨 >> GET /user/1 ""
[2021-5-5 15:17:31] 💌 << 200 OK
[2021-5-5 15:17:31] 📨 >> GET /post/1/unbookmark ""
[2021-5-5 15:17:31] PostException: Cannot unbookmark Post: Post has not been bookmarked.
    at Post.unbookmark (/home/maxence-roy/web-ii/Assignments/5-Fetch/src/models/Post.js:238:10)
    at processTicksAndRejections (internal/process/task_queues.js:93:5)
    at async PostController.unbookmark (/home/maxence-roy/web-ii/Assignments/5-Fetch/src/controllers/PostController.js:246:9)
    at async Router.dispatch (/home/maxence-roy/web-ii/Assignments/5-Fetch/src/router/Router.js:56:20)
    at async App.sendResponse (/home/maxence-roy/web-ii/Assignments/5-Fetch/src/App.js:43:20)
    at async Server.<anonymous> (/home/maxence-roy/web-ii/Assignments/5-Fetch/server.js:91:2)
[2021-5-5 15:17:31] PostException: Cannot unbookmark Post: Post has not been bookmarked.
    at Post.unbookmark (/home/maxence-roy/web-ii/Assignments/5-Fetch/src/models/Post.js:238:10)
    at processTicksAndRejections (internal/process/task_queues.js:93:5)
    at async PostController.unbookmark (/home/maxence-roy/web-ii/Assignments/5-Fetch/src/controllers/PostController.js:246:9)
    at async Router.dispatch (/home/maxence-roy/web-ii/Assignments/5-Fetch/src/router/Router.js:56:20)
    at async App.sendResponse (/home/maxence-roy/web-ii/Assignments/5-Fetch/src/App.js:43:20)
    at async Server.<anonymous> (/home/maxence-roy/web-ii/Assignments/5-Fetch/server.js:91:2)
[2021-5-5 15:17:31] 💌 << 400 BAD_REQUEST
[2021-5-5 15:27:46] 📨 >> GET / ""
[2021-5-5 15:27:47] 💌 << 200 OK
[2021-5-5 15:27:47] 📨 >> GET /user/1 ""
[2021-5-5 15:27:47] 💌 << 200 OK
[2021-5-5 15:27:47] 📨 >> GET /auth/login ""
[2021-5-5 15:27:47] 💌 << 200 OK
[2021-5-5 15:27:47] 📨 >> GET /user/1 ""
[2021-5-5 15:27:47] 💌 << 200 OK
[2021-5-5 15:27:47] 📨 >> POST /auth/login {
	"email": "Aurore.Daugherty@yahoo.com",
	"password": "Exvdccb4v5wiOKm"
}
[2021-5-5 15:27:47] 💌 << 303 SEE_OTHER
[2021-5-5 15:27:47] 📨 >> GET /user/1 ""
[2021-5-5 15:27:47] 💌 << 200 OK
[2021-5-5 15:27:47] 📨 >> GET /user/1 ""
[2021-5-5 15:27:47] 💌 << 200 OK
[2021-5-5 15:27:48] 📨 >> GET / ""
[2021-5-5 15:27:48] 💌 << 200 OK
[2021-5-5 15:27:48] 📨 >> GET /user/1 ""
[2021-5-5 15:27:48] 💌 << 200 OK
[2021-5-5 15:27:48] 📨 >> GET /category/1 ""
[2021-5-5 15:27:48] 💌 << 200 OK
[2021-5-5 15:27:48] 📨 >> GET /user/1 ""
[2021-5-5 15:27:48] 💌 << 200 OK
[2021-5-5 15:27:48] 📨 >> GET /post/1 ""
[2021-5-5 15:27:48] 💌 << 200 OK
[2021-5-5 15:27:48] 📨 >> GET /user/1 ""
[2021-5-5 15:27:48] 💌 << 200 OK
[2021-5-5 15:27:48] 📨 >> GET /post/1/unbookmark ""
[2021-5-5 15:27:48] PostException: Cannot unbookmark Post: Post has not been bookmarked.
    at Post.unbookmark (/home/maxence-roy/web-ii/Assignments/5-Fetch/src/models/Post.js:238:10)
    at processTicksAndRejections (internal/process/task_queues.js:93:5)
    at async PostController.unbookmark (/home/maxence-roy/web-ii/Assignments/5-Fetch/src/controllers/PostController.js:246:9)
    at async Router.dispatch (/home/maxence-roy/web-ii/Assignments/5-Fetch/src/router/Router.js:56:20)
    at async App.sendResponse (/home/maxence-roy/web-ii/Assignments/5-Fetch/src/App.js:43:20)
    at async Server.<anonymous> (/home/maxence-roy/web-ii/Assignments/5-Fetch/server.js:91:2)
[2021-5-5 15:27:48] PostException: Cannot unbookmark Post: Post has not been bookmarked.
    at Post.unbookmark (/home/maxence-roy/web-ii/Assignments/5-Fetch/src/models/Post.js:238:10)
    at processTicksAndRejections (internal/process/task_queues.js:93:5)
    at async PostController.unbookmark (/home/maxence-roy/web-ii/Assignments/5-Fetch/src/controllers/PostController.js:246:9)
    at async Router.dispatch (/home/maxence-roy/web-ii/Assignments/5-Fetch/src/router/Router.js:56:20)
    at async App.sendResponse (/home/maxence-roy/web-ii/Assignments/5-Fetch/src/App.js:43:20)
    at async Server.<anonymous> (/home/maxence-roy/web-ii/Assignments/5-Fetch/server.js:91:2)
[2021-5-5 15:27:48] 💌 << 400 BAD_REQUEST
[2021-5-5 15:29:28] 📨 >> GET / ""
[2021-5-5 15:29:28] 💌 << 200 OK
[2021-5-5 15:29:28] 📨 >> GET /user/1 ""
[2021-5-5 15:29:28] 💌 << 200 OK
[2021-5-5 15:29:29] 📨 >> GET /auth/login ""
[2021-5-5 15:29:29] 💌 << 200 OK
[2021-5-5 15:29:29] 📨 >> GET /user/1 ""
[2021-5-5 15:29:29] 💌 << 200 OK
[2021-5-5 15:29:31] 📨 >> POST /auth/login {
	"email": "Samara.Treutel74@hotmail.com",
	"password": "fsW8Ph0LqnF_U9Y"
}
[2021-5-5 15:29:31] 💌 << 303 SEE_OTHER
[2021-5-5 15:29:31] 📨 >> GET /user/1 ""
[2021-5-5 15:29:31] 💌 << 200 OK
[2021-5-5 15:29:31] 📨 >> GET /user/1 ""
[2021-5-5 15:29:31] 💌 << 200 OK
[2021-5-5 15:29:32] 📨 >> GET / ""
[2021-5-5 15:29:32] 💌 << 200 OK
[2021-5-5 15:29:33] 📨 >> GET /user/1 ""
[2021-5-5 15:29:33] 💌 << 200 OK
[2021-5-5 15:29:34] 📨 >> GET /category/1 ""
[2021-5-5 15:29:35] 💌 << 200 OK
[2021-5-5 15:29:35] 📨 >> GET /user/1 ""
[2021-5-5 15:29:35] 💌 << 200 OK
[2021-5-5 15:29:37] 📨 >> GET /post/1 ""
[2021-5-5 15:29:38] 💌 << 200 OK
[2021-5-5 15:29:38] 📨 >> GET /user/1 ""
[2021-5-5 15:29:38] 💌 << 200 OK
[2021-5-5 15:29:48] 📨 >> GET /post/1/unbookmark ""
[2021-5-5 15:29:49] PostException: Cannot unbookmark Post: Post has not been bookmarked.
    at Post.unbookmark (/home/maxence-roy/web-ii/Assignments/5-Fetch/src/models/Post.js:238:10)
    at processTicksAndRejections (internal/process/task_queues.js:93:5)
    at async PostController.unbookmark (/home/maxence-roy/web-ii/Assignments/5-Fetch/src/controllers/PostController.js:246:9)
    at async Router.dispatch (/home/maxence-roy/web-ii/Assignments/5-Fetch/src/router/Router.js:56:20)
    at async App.sendResponse (/home/maxence-roy/web-ii/Assignments/5-Fetch/src/App.js:43:20)
    at async Server.<anonymous> (/home/maxence-roy/web-ii/Assignments/5-Fetch/server.js:91:2)
[2021-5-5 15:29:49] PostException: Cannot unbookmark Post: Post has not been bookmarked.
    at Post.unbookmark (/home/maxence-roy/web-ii/Assignments/5-Fetch/src/models/Post.js:238:10)
    at processTicksAndRejections (internal/process/task_queues.js:93:5)
    at async PostController.unbookmark (/home/maxence-roy/web-ii/Assignments/5-Fetch/src/controllers/PostController.js:246:9)
    at async Router.dispatch (/home/maxence-roy/web-ii/Assignments/5-Fetch/src/router/Router.js:56:20)
    at async App.sendResponse (/home/maxence-roy/web-ii/Assignments/5-Fetch/src/App.js:43:20)
    at async Server.<anonymous> (/home/maxence-roy/web-ii/Assignments/5-Fetch/server.js:91:2)
[2021-5-5 15:29:49] 💌 << 400 BAD_REQUEST
[2021-5-5 15:30:29] 📨 >> GET /user/2 ""
[2021-5-5 15:30:29] 💌 << 200 OK
[2021-5-5 15:30:29] 📨 >> GET /user/1 ""
[2021-5-5 15:30:29] 💌 << 200 OK
[2021-5-5 15:31:53] 📨 >> GET /user/1 ""
[2021-5-5 15:31:53] 💌 << 200 OK
[2021-5-5 15:31:53] 📨 >> GET /user/1 ""
[2021-5-5 15:31:53] 💌 << 200 OK
[2021-5-5 15:39:33] 📨 >> GET / ""
[2021-5-5 15:39:33] 💌 << 200 OK
[2021-5-5 15:39:33] 📨 >> GET /user/1 ""
[2021-5-5 15:39:33] TypeError: Cannot read property 'exists' of undefined
    at JsonResponse.setResponse (/home/maxence-roy/web-ii/Assignments/5-Fetch/src/router/JsonResponse.js:18:39)
    at UserController.show (/home/maxence-roy/web-ii/Assignments/5-Fetch/src/controllers/UserController.js:82:30)
    at processTicksAndRejections (internal/process/task_queues.js:93:5)
    at async Router.dispatch (/home/maxence-roy/web-ii/Assignments/5-Fetch/src/router/Router.js:56:20)
    at async App.sendResponse (/home/maxence-roy/web-ii/Assignments/5-Fetch/src/App.js:43:20)
    at async Server.<anonymous> (/home/maxence-roy/web-ii/Assignments/5-Fetch/server.js:91:2)
[2021-5-5 15:39:33] 📨 >> GET /auth/login ""
[2021-5-5 15:39:33] 💌 << 200 OK
[2021-5-5 15:39:33] 📨 >> GET /user/1 ""
[2021-5-5 15:39:33] TypeError: Cannot read property 'exists' of undefined
    at JsonResponse.setResponse (/home/maxence-roy/web-ii/Assignments/5-Fetch/src/router/JsonResponse.js:18:39)
    at UserController.show (/home/maxence-roy/web-ii/Assignments/5-Fetch/src/controllers/UserController.js:82:30)
    at processTicksAndRejections (internal/process/task_queues.js:93:5)
    at async Router.dispatch (/home/maxence-roy/web-ii/Assignments/5-Fetch/src/router/Router.js:56:20)
    at async App.sendResponse (/home/maxence-roy/web-ii/Assignments/5-Fetch/src/App.js:43:20)
    at async Server.<anonymous> (/home/maxence-roy/web-ii/Assignments/5-Fetch/server.js:91:2)
[2021-5-5 15:39:33] 📨 >> POST /auth/login {
	"email": "Laron.Wilderman@gmail.com",
	"password": "iSLDPoLIZTLpnor"
}
[2021-5-5 15:39:33] 💌 << 303 SEE_OTHER
[2021-5-5 15:39:33] 📨 >> GET /user/7 ""
[2021-5-5 15:39:33] 💌 << 200 OK
[2021-5-5 15:39:33] 📨 >> GET /user/1 ""
[2021-5-5 15:39:34] TypeError: Cannot read property 'exists' of undefined
    at JsonResponse.setResponse (/home/maxence-roy/web-ii/Assignments/5-Fetch/src/router/JsonResponse.js:18:39)
    at UserController.show (/home/maxence-roy/web-ii/Assignments/5-Fetch/src/controllers/UserController.js:82:30)
    at processTicksAndRejections (internal/process/task_queues.js:93:5)
    at async Router.dispatch (/home/maxence-roy/web-ii/Assignments/5-Fetch/src/router/Router.js:56:20)
    at async App.sendResponse (/home/maxence-roy/web-ii/Assignments/5-Fetch/src/App.js:43:20)
    at async Server.<anonymous> (/home/maxence-roy/web-ii/Assignments/5-Fetch/server.js:91:2)
[2021-5-5 15:39:41] 📨 >> GET / ""
[2021-5-5 15:39:41] 💌 << 200 OK
[2021-5-5 15:39:41] 📨 >> GET /user/1 ""
[2021-5-5 15:39:41] TypeError: Cannot read property 'exists' of undefined
    at JsonResponse.setResponse (/home/maxence-roy/web-ii/Assignments/5-Fetch/src/router/JsonResponse.js:18:39)
    at UserController.show (/home/maxence-roy/web-ii/Assignments/5-Fetch/src/controllers/UserController.js:82:30)
    at processTicksAndRejections (internal/process/task_queues.js:93:5)
    at async Router.dispatch (/home/maxence-roy/web-ii/Assignments/5-Fetch/src/router/Router.js:56:20)
    at async App.sendResponse (/home/maxence-roy/web-ii/Assignments/5-Fetch/src/App.js:43:20)
    at async Server.<anonymous> (/home/maxence-roy/web-ii/Assignments/5-Fetch/server.js:91:2)
[2021-5-5 15:39:41] 📨 >> GET /auth/login ""
[2021-5-5 15:39:41] 💌 << 200 OK
[2021-5-5 15:39:41] 📨 >> GET /user/1 ""
[2021-5-5 15:39:41] TypeError: Cannot read property 'exists' of undefined
    at JsonResponse.setResponse (/home/maxence-roy/web-ii/Assignments/5-Fetch/src/router/JsonResponse.js:18:39)
    at UserController.show (/home/maxence-roy/web-ii/Assignments/5-Fetch/src/controllers/UserController.js:82:30)
    at processTicksAndRejections (internal/process/task_queues.js:93:5)
    at async Router.dispatch (/home/maxence-roy/web-ii/Assignments/5-Fetch/src/router/Router.js:56:20)
    at async App.sendResponse (/home/maxence-roy/web-ii/Assignments/5-Fetch/src/App.js:43:20)
    at async Server.<anonymous> (/home/maxence-roy/web-ii/Assignments/5-Fetch/server.js:91:2)
[2021-5-5 15:39:42] 📨 >> POST /auth/login {
	"email": "",
	"password": "5bQPxlTMF_NWXxv"
}
[2021-5-5 15:39:42] AuthException: Cannot log in: Missing email.
    at Function.logIn (/home/maxence-roy/web-ii/Assignments/5-Fetch/src/models/User.js:128:10)
    at AuthController.logIn (/home/maxence-roy/web-ii/Assignments/5-Fetch/src/controllers/AuthController.js:76:31)
    at AuthController.doAction (/home/maxence-roy/web-ii/Assignments/5-Fetch/src/controllers/Controller.js:9:15)
    at Router.dispatch (/home/maxence-roy/web-ii/Assignments/5-Fetch/src/router/Router.js:56:42)
    at App.sendResponse (/home/maxence-roy/web-ii/Assignments/5-Fetch/src/App.js:43:38)
    at Server.<anonymous> (/home/maxence-roy/web-ii/Assignments/5-Fetch/server.js:91:12)
    at processTicksAndRejections (internal/process/task_queues.js:93:5)
[2021-5-5 15:39:42] AuthException: Cannot log in: Missing email.
    at Function.logIn (/home/maxence-roy/web-ii/Assignments/5-Fetch/src/models/User.js:128:10)
    at AuthController.logIn (/home/maxence-roy/web-ii/Assignments/5-Fetch/src/controllers/AuthController.js:76:31)
    at AuthController.doAction (/home/maxence-roy/web-ii/Assignments/5-Fetch/src/controllers/Controller.js:9:15)
    at Router.dispatch (/home/maxence-roy/web-ii/Assignments/5-Fetch/src/router/Router.js:56:42)
    at App.sendResponse (/home/maxence-roy/web-ii/Assignments/5-Fetch/src/App.js:43:38)
    at Server.<anonymous> (/home/maxence-roy/web-ii/Assignments/5-Fetch/server.js:91:12)
    at processTicksAndRejections (internal/process/task_queues.js:93:5)
[2021-5-5 15:39:42] 💌 << 400 BAD_REQUEST
[2021-5-5 15:39:42] 📨 >> GET /user/1 ""
[2021-5-5 15:39:42] TypeError: Cannot read property 'exists' of undefined
    at JsonResponse.setResponse (/home/maxence-roy/web-ii/Assignments/5-Fetch/src/router/JsonResponse.js:18:39)
    at UserController.show (/home/maxence-roy/web-ii/Assignments/5-Fetch/src/controllers/UserController.js:82:30)
    at processTicksAndRejections (internal/process/task_queues.js:93:5)
    at async Router.dispatch (/home/maxence-roy/web-ii/Assignments/5-Fetch/src/router/Router.js:56:20)
    at async App.sendResponse (/home/maxence-roy/web-ii/Assignments/5-Fetch/src/App.js:43:20)
    at async Server.<anonymous> (/home/maxence-roy/web-ii/Assignments/5-Fetch/server.js:91:2)
[2021-5-5 15:39:49] 📨 >> GET / ""
[2021-5-5 15:39:49] 💌 << 200 OK
[2021-5-5 15:39:49] 📨 >> GET /user/1 ""
[2021-5-5 15:39:49] TypeError: Cannot read property 'exists' of undefined
    at JsonResponse.setResponse (/home/maxence-roy/web-ii/Assignments/5-Fetch/src/router/JsonResponse.js:18:39)
    at UserController.show (/home/maxence-roy/web-ii/Assignments/5-Fetch/src/controllers/UserController.js:82:30)
    at processTicksAndRejections (internal/process/task_queues.js:93:5)
    at async Router.dispatch (/home/maxence-roy/web-ii/Assignments/5-Fetch/src/router/Router.js:56:20)
    at async App.sendResponse (/home/maxence-roy/web-ii/Assignments/5-Fetch/src/App.js:43:20)
    at async Server.<anonymous> (/home/maxence-roy/web-ii/Assignments/5-Fetch/server.js:91:2)
[2021-5-5 15:39:49] 📨 >> GET /auth/login ""
[2021-5-5 15:39:50] 💌 << 200 OK
[2021-5-5 15:39:50] 📨 >> GET /user/1 ""
[2021-5-5 15:39:50] TypeError: Cannot read property 'exists' of undefined
    at JsonResponse.setResponse (/home/maxence-roy/web-ii/Assignments/5-Fetch/src/router/JsonResponse.js:18:39)
    at UserController.show (/home/maxence-roy/web-ii/Assignments/5-Fetch/src/controllers/UserController.js:82:30)
    at processTicksAndRejections (internal/process/task_queues.js:93:5)
    at async Router.dispatch (/home/maxence-roy/web-ii/Assignments/5-Fetch/src/router/Router.js:56:20)
    at async App.sendResponse (/home/maxence-roy/web-ii/Assignments/5-Fetch/src/App.js:43:20)
    at async Server.<anonymous> (/home/maxence-roy/web-ii/Assignments/5-Fetch/server.js:91:2)
[2021-5-5 15:39:50] 📨 >> POST /auth/login {
	"email": "Leta45@hotmail.com",
	"password": ""
}
[2021-5-5 15:39:50] AuthException: Cannot log in: Missing password.
    at Function.logIn (/home/maxence-roy/web-ii/Assignments/5-Fetch/src/models/User.js:130:10)
    at AuthController.logIn (/home/maxence-roy/web-ii/Assignments/5-Fetch/src/controllers/AuthController.js:76:31)
    at AuthController.doAction (/home/maxence-roy/web-ii/Assignments/5-Fetch/src/controllers/Controller.js:9:15)
    at Router.dispatch (/home/maxence-roy/web-ii/Assignments/5-Fetch/src/router/Router.js:56:42)
    at App.sendResponse (/home/maxence-roy/web-ii/Assignments/5-Fetch/src/App.js:43:38)
    at Server.<anonymous> (/home/maxence-roy/web-ii/Assignments/5-Fetch/server.js:91:12)
    at processTicksAndRejections (internal/process/task_queues.js:93:5)
[2021-5-5 15:39:50] AuthException: Cannot log in: Missing password.
    at Function.logIn (/home/maxence-roy/web-ii/Assignments/5-Fetch/src/models/User.js:130:10)
    at AuthController.logIn (/home/maxence-roy/web-ii/Assignments/5-Fetch/src/controllers/AuthController.js:76:31)
    at AuthController.doAction (/home/maxence-roy/web-ii/Assignments/5-Fetch/src/controllers/Controller.js:9:15)
    at Router.dispatch (/home/maxence-roy/web-ii/Assignments/5-Fetch/src/router/Router.js:56:42)
    at App.sendResponse (/home/maxence-roy/web-ii/Assignments/5-Fetch/src/App.js:43:38)
    at Server.<anonymous> (/home/maxence-roy/web-ii/Assignments/5-Fetch/server.js:91:12)
    at processTicksAndRejections (internal/process/task_queues.js:93:5)
[2021-5-5 15:39:50] 💌 << 400 BAD_REQUEST
[2021-5-5 15:39:50] 📨 >> GET /user/1 ""
[2021-5-5 15:39:50] TypeError: Cannot read property 'exists' of undefined
    at JsonResponse.setResponse (/home/maxence-roy/web-ii/Assignments/5-Fetch/src/router/JsonResponse.js:18:39)
    at UserController.show (/home/maxence-roy/web-ii/Assignments/5-Fetch/src/controllers/UserController.js:82:30)
    at processTicksAndRejections (internal/process/task_queues.js:93:5)
    at async Router.dispatch (/home/maxence-roy/web-ii/Assignments/5-Fetch/src/router/Router.js:56:20)
    at async App.sendResponse (/home/maxence-roy/web-ii/Assignments/5-Fetch/src/App.js:43:20)
    at async Server.<anonymous> (/home/maxence-roy/web-ii/Assignments/5-Fetch/server.js:91:2)
[2021-5-5 15:40:0] 📨 >> GET / ""
[2021-5-5 15:40:0] 💌 << 200 OK
[2021-5-5 15:40:0] 📨 >> GET /user/1 ""
[2021-5-5 15:40:0] TypeError: Cannot read property 'exists' of undefined
    at JsonResponse.setResponse (/home/maxence-roy/web-ii/Assignments/5-Fetch/src/router/JsonResponse.js:18:39)
    at UserController.show (/home/maxence-roy/web-ii/Assignments/5-Fetch/src/controllers/UserController.js:82:30)
    at processTicksAndRejections (internal/process/task_queues.js:93:5)
    at async Router.dispatch (/home/maxence-roy/web-ii/Assignments/5-Fetch/src/router/Router.js:56:20)
    at async App.sendResponse (/home/maxence-roy/web-ii/Assignments/5-Fetch/src/App.js:43:20)
    at async Server.<anonymous> (/home/maxence-roy/web-ii/Assignments/5-Fetch/server.js:91:2)
[2021-5-5 15:40:0] 📨 >> GET /auth/login ""
[2021-5-5 15:40:0] 💌 << 200 OK
[2021-5-5 15:40:0] 📨 >> GET /user/1 ""
[2021-5-5 15:40:0] TypeError: Cannot read property 'exists' of undefined
    at JsonResponse.setResponse (/home/maxence-roy/web-ii/Assignments/5-Fetch/src/router/JsonResponse.js:18:39)
    at UserController.show (/home/maxence-roy/web-ii/Assignments/5-Fetch/src/controllers/UserController.js:82:30)
    at processTicksAndRejections (internal/process/task_queues.js:93:5)
    at async Router.dispatch (/home/maxence-roy/web-ii/Assignments/5-Fetch/src/router/Router.js:56:20)
    at async App.sendResponse (/home/maxence-roy/web-ii/Assignments/5-Fetch/src/App.js:43:20)
    at async Server.<anonymous> (/home/maxence-roy/web-ii/Assignments/5-Fetch/server.js:91:2)
[2021-5-5 15:40:0] 📨 >> POST /auth/login {
	"email": "Veronica_Kovacek72@hotmail.com.com",
	"password": "k_wgnsxELTt7svx"
}
[2021-5-5 15:40:0] AuthException: Cannot log in: Invalid credentials.
    at AuthController.logIn (/home/maxence-roy/web-ii/Assignments/5-Fetch/src/controllers/AuthController.js:78:19)
    at processTicksAndRejections (internal/process/task_queues.js:93:5)
    at async Router.dispatch (/home/maxence-roy/web-ii/Assignments/5-Fetch/src/router/Router.js:56:20)
    at async App.sendResponse (/home/maxence-roy/web-ii/Assignments/5-Fetch/src/App.js:43:20)
    at async Server.<anonymous> (/home/maxence-roy/web-ii/Assignments/5-Fetch/server.js:91:2)
[2021-5-5 15:40:0] AuthException: Cannot log in: Invalid credentials.
    at AuthController.logIn (/home/maxence-roy/web-ii/Assignments/5-Fetch/src/controllers/AuthController.js:78:19)
    at processTicksAndRejections (internal/process/task_queues.js:93:5)
    at async Router.dispatch (/home/maxence-roy/web-ii/Assignments/5-Fetch/src/router/Router.js:56:20)
    at async App.sendResponse (/home/maxence-roy/web-ii/Assignments/5-Fetch/src/App.js:43:20)
    at async Server.<anonymous> (/home/maxence-roy/web-ii/Assignments/5-Fetch/server.js:91:2)
[2021-5-5 15:40:0] 💌 << 400 BAD_REQUEST
[2021-5-5 15:40:0] 📨 >> GET /user/1 ""
[2021-5-5 15:40:0] TypeError: Cannot read property 'exists' of undefined
    at JsonResponse.setResponse (/home/maxence-roy/web-ii/Assignments/5-Fetch/src/router/JsonResponse.js:18:39)
    at UserController.show (/home/maxence-roy/web-ii/Assignments/5-Fetch/src/controllers/UserController.js:82:30)
    at processTicksAndRejections (internal/process/task_queues.js:93:5)
    at async Router.dispatch (/home/maxence-roy/web-ii/Assignments/5-Fetch/src/router/Router.js:56:20)
    at async App.sendResponse (/home/maxence-roy/web-ii/Assignments/5-Fetch/src/App.js:43:20)
    at async Server.<anonymous> (/home/maxence-roy/web-ii/Assignments/5-Fetch/server.js:91:2)
[2021-5-5 15:40:11] 📨 >> GET / ""
[2021-5-5 15:40:11] 💌 << 200 OK
[2021-5-5 15:40:11] 📨 >> GET /user/1 ""
[2021-5-5 15:40:11] TypeError: Cannot read property 'exists' of undefined
    at JsonResponse.setResponse (/home/maxence-roy/web-ii/Assignments/5-Fetch/src/router/JsonResponse.js:18:39)
    at UserController.show (/home/maxence-roy/web-ii/Assignments/5-Fetch/src/controllers/UserController.js:82:30)
    at processTicksAndRejections (internal/process/task_queues.js:93:5)
    at async Router.dispatch (/home/maxence-roy/web-ii/Assignments/5-Fetch/src/router/Router.js:56:20)
    at async App.sendResponse (/home/maxence-roy/web-ii/Assignments/5-Fetch/src/App.js:43:20)
    at async Server.<anonymous> (/home/maxence-roy/web-ii/Assignments/5-Fetch/server.js:91:2)
[2021-5-5 15:40:11] 📨 >> GET /auth/login ""
[2021-5-5 15:40:11] 💌 << 200 OK
[2021-5-5 15:40:11] 📨 >> GET /user/1 ""
[2021-5-5 15:40:11] TypeError: Cannot read property 'exists' of undefined
    at JsonResponse.setResponse (/home/maxence-roy/web-ii/Assignments/5-Fetch/src/router/JsonResponse.js:18:39)
    at UserController.show (/home/maxence-roy/web-ii/Assignments/5-Fetch/src/controllers/UserController.js:82:30)
    at processTicksAndRejections (internal/process/task_queues.js:93:5)
    at async Router.dispatch (/home/maxence-roy/web-ii/Assignments/5-Fetch/src/router/Router.js:56:20)
    at async App.sendResponse (/home/maxence-roy/web-ii/Assignments/5-Fetch/src/App.js:43:20)
    at async Server.<anonymous> (/home/maxence-roy/web-ii/Assignments/5-Fetch/server.js:91:2)
[2021-5-5 15:40:11] 📨 >> POST /auth/login {
	"email": "Vincenzo.MacGyver@hotmail.com",
	"password": "rF0uM0D3vTUftBq123"
}
[2021-5-5 15:40:11] AuthException: Cannot log in: Invalid credentials.
    at AuthController.logIn (/home/maxence-roy/web-ii/Assignments/5-Fetch/src/controllers/AuthController.js:78:19)
    at processTicksAndRejections (internal/process/task_queues.js:93:5)
    at async Router.dispatch (/home/maxence-roy/web-ii/Assignments/5-Fetch/src/router/Router.js:56:20)
    at async App.sendResponse (/home/maxence-roy/web-ii/Assignments/5-Fetch/src/App.js:43:20)
    at async Server.<anonymous> (/home/maxence-roy/web-ii/Assignments/5-Fetch/server.js:91:2)
[2021-5-5 15:40:11] AuthException: Cannot log in: Invalid credentials.
    at AuthController.logIn (/home/maxence-roy/web-ii/Assignments/5-Fetch/src/controllers/AuthController.js:78:19)
    at processTicksAndRejections (internal/process/task_queues.js:93:5)
    at async Router.dispatch (/home/maxence-roy/web-ii/Assignments/5-Fetch/src/router/Router.js:56:20)
    at async App.sendResponse (/home/maxence-roy/web-ii/Assignments/5-Fetch/src/App.js:43:20)
    at async Server.<anonymous> (/home/maxence-roy/web-ii/Assignments/5-Fetch/server.js:91:2)
[2021-5-5 15:40:11] 💌 << 400 BAD_REQUEST
[2021-5-5 15:40:11] 📨 >> GET /user/1 ""
[2021-5-5 15:40:11] TypeError: Cannot read property 'exists' of undefined
    at JsonResponse.setResponse (/home/maxence-roy/web-ii/Assignments/5-Fetch/src/router/JsonResponse.js:18:39)
    at UserController.show (/home/maxence-roy/web-ii/Assignments/5-Fetch/src/controllers/UserController.js:82:30)
    at processTicksAndRejections (internal/process/task_queues.js:93:5)
    at async Router.dispatch (/home/maxence-roy/web-ii/Assignments/5-Fetch/src/router/Router.js:56:20)
    at async App.sendResponse (/home/maxence-roy/web-ii/Assignments/5-Fetch/src/App.js:43:20)
    at async Server.<anonymous> (/home/maxence-roy/web-ii/Assignments/5-Fetch/server.js:91:2)
[2021-5-5 15:40:19] 📨 >> GET / ""
[2021-5-5 15:40:19] 💌 << 200 OK
[2021-5-5 15:40:19] 📨 >> GET /user/1 ""
[2021-5-5 15:40:19] TypeError: Cannot read property 'exists' of undefined
    at JsonResponse.setResponse (/home/maxence-roy/web-ii/Assignments/5-Fetch/src/router/JsonResponse.js:18:39)
    at UserController.show (/home/maxence-roy/web-ii/Assignments/5-Fetch/src/controllers/UserController.js:82:30)
    at processTicksAndRejections (internal/process/task_queues.js:93:5)
    at async Router.dispatch (/home/maxence-roy/web-ii/Assignments/5-Fetch/src/router/Router.js:56:20)
    at async App.sendResponse (/home/maxence-roy/web-ii/Assignments/5-Fetch/src/App.js:43:20)
    at async Server.<anonymous> (/home/maxence-roy/web-ii/Assignments/5-Fetch/server.js:91:2)
[2021-5-5 15:40:19] 📨 >> GET /auth/login ""
[2021-5-5 15:40:19] 💌 << 200 OK
[2021-5-5 15:40:20] 📨 >> GET /user/1 ""
[2021-5-5 15:40:20] TypeError: Cannot read property 'exists' of undefined
    at JsonResponse.setResponse (/home/maxence-roy/web-ii/Assignments/5-Fetch/src/router/JsonResponse.js:18:39)
    at UserController.show (/home/maxence-roy/web-ii/Assignments/5-Fetch/src/controllers/UserController.js:82:30)
    at processTicksAndRejections (internal/process/task_queues.js:93:5)
    at async Router.dispatch (/home/maxence-roy/web-ii/Assignments/5-Fetch/src/router/Router.js:56:20)
    at async App.sendResponse (/home/maxence-roy/web-ii/Assignments/5-Fetch/src/App.js:43:20)
    at async Server.<anonymous> (/home/maxence-roy/web-ii/Assignments/5-Fetch/server.js:91:2)
[2021-5-5 15:40:20] 📨 >> POST /auth/login {
	"email": "Demetrius9@hotmail.com",
	"password": "oqaDd_ZhVI20Rqo"
}
[2021-5-5 15:40:20] 💌 << 303 SEE_OTHER
[2021-5-5 15:40:40] 📨 >> GET /user/1 ""
[2021-5-5 15:40:40] 💌 << 200 OK
[2021-5-5 15:40:40] 📨 >> GET /user/1 ""
[2021-5-5 15:40:40] TypeError: Cannot read property 'exists' of undefined
    at JsonResponse.setResponse (/home/maxence-roy/web-ii/Assignments/5-Fetch/src/router/JsonResponse.js:18:39)
    at UserController.show (/home/maxence-roy/web-ii/Assignments/5-Fetch/src/controllers/UserController.js:82:30)
    at processTicksAndRejections (internal/process/task_queues.js:93:5)
    at async Router.dispatch (/home/maxence-roy/web-ii/Assignments/5-Fetch/src/router/Router.js:56:20)
    at async App.sendResponse (/home/maxence-roy/web-ii/Assignments/5-Fetch/src/App.js:43:20)
    at async Server.<anonymous> (/home/maxence-roy/web-ii/Assignments/5-Fetch/server.js:91:2)
[2021-5-5 15:40:46] 📨 >> GET / ""
[2021-5-5 15:40:46] 💌 << 200 OK
[2021-5-5 15:40:46] 📨 >> GET /user/1 ""
[2021-5-5 15:40:46] TypeError: Cannot read property 'exists' of undefined
    at JsonResponse.setResponse (/home/maxence-roy/web-ii/Assignments/5-Fetch/src/router/JsonResponse.js:18:39)
    at UserController.show (/home/maxence-roy/web-ii/Assignments/5-Fetch/src/controllers/UserController.js:82:30)
    at processTicksAndRejections (internal/process/task_queues.js:93:5)
    at async Router.dispatch (/home/maxence-roy/web-ii/Assignments/5-Fetch/src/router/Router.js:56:20)
    at async App.sendResponse (/home/maxence-roy/web-ii/Assignments/5-Fetch/src/App.js:43:20)
    at async Server.<anonymous> (/home/maxence-roy/web-ii/Assignments/5-Fetch/server.js:91:2)
[2021-5-5 15:40:46] 📨 >> GET /auth/login ""
[2021-5-5 15:40:46] 💌 << 200 OK
[2021-5-5 15:40:46] 📨 >> GET /user/1 ""
[2021-5-5 15:40:46] TypeError: Cannot read property 'exists' of undefined
    at JsonResponse.setResponse (/home/maxence-roy/web-ii/Assignments/5-Fetch/src/router/JsonResponse.js:18:39)
    at UserController.show (/home/maxence-roy/web-ii/Assignments/5-Fetch/src/controllers/UserController.js:82:30)
    at processTicksAndRejections (internal/process/task_queues.js:93:5)
    at async Router.dispatch (/home/maxence-roy/web-ii/Assignments/5-Fetch/src/router/Router.js:56:20)
    at async App.sendResponse (/home/maxence-roy/web-ii/Assignments/5-Fetch/src/App.js:43:20)
    at async Server.<anonymous> (/home/maxence-roy/web-ii/Assignments/5-Fetch/server.js:91:2)
[2021-5-5 15:40:47] 📨 >> POST /auth/login {
	"email": "Roel12@hotmail.com",
	"password": "eG72CcThSBQ5bEq",
	"remember": "on"
}
[2021-5-5 15:40:47] 💌 << 303 SEE_OTHER
[2021-5-5 15:41:7] 📨 >> GET /user/1 ""
[2021-5-5 15:41:7] 💌 << 200 OK
[2021-5-5 15:41:7] 📨 >> GET /user/1 ""
[2021-5-5 15:41:7] TypeError: Cannot read property 'exists' of undefined
    at JsonResponse.setResponse (/home/maxence-roy/web-ii/Assignments/5-Fetch/src/router/JsonResponse.js:18:39)
    at UserController.show (/home/maxence-roy/web-ii/Assignments/5-Fetch/src/controllers/UserController.js:82:30)
    at processTicksAndRejections (internal/process/task_queues.js:93:5)
    at async Router.dispatch (/home/maxence-roy/web-ii/Assignments/5-Fetch/src/router/Router.js:56:20)
    at async App.sendResponse (/home/maxence-roy/web-ii/Assignments/5-Fetch/src/App.js:43:20)
    at async Server.<anonymous> (/home/maxence-roy/web-ii/Assignments/5-Fetch/server.js:91:2)
[2021-5-5 15:45:48] 📨 >> GET / ""
[2021-5-5 15:45:48] 💌 << 200 OK
[2021-5-5 15:45:48] 📨 >> GET /user/1 ""
[2021-5-5 15:45:48] 💌 << 200 OK
[2021-5-5 15:45:48] 📨 >> GET /auth/login ""
[2021-5-5 15:45:48] 💌 << 200 OK
[2021-5-5 15:45:48] 📨 >> GET /user/1 ""
[2021-5-5 15:45:48] 💌 << 200 OK
[2021-5-5 15:45:49] 📨 >> POST /auth/login {
	"email": "Kenny.Stoltenberg82@gmail.com",
	"password": "QYfDrom0NdJ8PQu"
}
[2021-5-5 15:45:49] 💌 << 303 SEE_OTHER
[2021-5-5 15:45:49] 📨 >> GET /user/1 ""
[2021-5-5 15:45:49] 💌 << 200 OK
[2021-5-5 15:45:49] 📨 >> GET /user/1 ""
[2021-5-5 15:45:49] 💌 << 200 OK
[2021-5-5 15:45:58] 📨 >> GET / ""
[2021-5-5 15:45:58] 💌 << 200 OK
[2021-5-5 15:45:59] 📨 >> GET /user/1 ""
[2021-5-5 15:45:59] 💌 << 200 OK
[2021-5-5 15:45:59] 📨 >> GET /auth/login ""
[2021-5-5 15:45:59] 💌 << 200 OK
[2021-5-5 15:45:59] 📨 >> GET /user/1 ""
[2021-5-5 15:45:59] 💌 << 200 OK
[2021-5-5 15:45:59] 📨 >> POST /auth/login {
	"email": "",
	"password": "JOS6RZBoW8W8Fvt"
}
[2021-5-5 15:45:59] AuthException: Cannot log in: Missing email.
    at Function.logIn (/home/maxence-roy/web-ii/Assignments/5-Fetch/src/models/User.js:128:10)
    at AuthController.logIn (/home/maxence-roy/web-ii/Assignments/5-Fetch/src/controllers/AuthController.js:82:31)
    at AuthController.doAction (/home/maxence-roy/web-ii/Assignments/5-Fetch/src/controllers/Controller.js:9:15)
    at Router.dispatch (/home/maxence-roy/web-ii/Assignments/5-Fetch/src/router/Router.js:56:42)
    at App.sendResponse (/home/maxence-roy/web-ii/Assignments/5-Fetch/src/App.js:43:38)
    at Server.<anonymous> (/home/maxence-roy/web-ii/Assignments/5-Fetch/server.js:91:12)
    at processTicksAndRejections (internal/process/task_queues.js:93:5)
[2021-5-5 15:45:59] AuthException: Cannot log in: Missing email.
    at Function.logIn (/home/maxence-roy/web-ii/Assignments/5-Fetch/src/models/User.js:128:10)
    at AuthController.logIn (/home/maxence-roy/web-ii/Assignments/5-Fetch/src/controllers/AuthController.js:82:31)
    at AuthController.doAction (/home/maxence-roy/web-ii/Assignments/5-Fetch/src/controllers/Controller.js:9:15)
    at Router.dispatch (/home/maxence-roy/web-ii/Assignments/5-Fetch/src/router/Router.js:56:42)
    at App.sendResponse (/home/maxence-roy/web-ii/Assignments/5-Fetch/src/App.js:43:38)
    at Server.<anonymous> (/home/maxence-roy/web-ii/Assignments/5-Fetch/server.js:91:12)
    at processTicksAndRejections (internal/process/task_queues.js:93:5)
[2021-5-5 15:45:59] 💌 << 400 BAD_REQUEST
[2021-5-5 15:45:59] 📨 >> GET /user/1 ""
[2021-5-5 15:45:59] 💌 << 200 OK
[2021-5-5 15:46:12] 📨 >> GET / ""
[2021-5-5 15:46:12] 💌 << 200 OK
[2021-5-5 15:46:12] 📨 >> GET /user/1 ""
[2021-5-5 15:46:12] 💌 << 200 OK
[2021-5-5 15:46:12] 📨 >> GET /auth/login ""
[2021-5-5 15:46:12] 💌 << 200 OK
[2021-5-5 15:46:12] 📨 >> GET /user/1 ""
[2021-5-5 15:46:12] 💌 << 200 OK
[2021-5-5 15:46:13] 📨 >> POST /auth/login {
	"email": "Josue.Medhurst@gmail.com",
	"password": ""
}
[2021-5-5 15:46:13] AuthException: Cannot log in: Missing password.
    at Function.logIn (/home/maxence-roy/web-ii/Assignments/5-Fetch/src/models/User.js:130:10)
    at AuthController.logIn (/home/maxence-roy/web-ii/Assignments/5-Fetch/src/controllers/AuthController.js:82:31)
    at AuthController.doAction (/home/maxence-roy/web-ii/Assignments/5-Fetch/src/controllers/Controller.js:9:15)
    at Router.dispatch (/home/maxence-roy/web-ii/Assignments/5-Fetch/src/router/Router.js:56:42)
    at App.sendResponse (/home/maxence-roy/web-ii/Assignments/5-Fetch/src/App.js:43:38)
    at Server.<anonymous> (/home/maxence-roy/web-ii/Assignments/5-Fetch/server.js:91:12)
    at processTicksAndRejections (internal/process/task_queues.js:93:5)
[2021-5-5 15:46:13] AuthException: Cannot log in: Missing password.
    at Function.logIn (/home/maxence-roy/web-ii/Assignments/5-Fetch/src/models/User.js:130:10)
    at AuthController.logIn (/home/maxence-roy/web-ii/Assignments/5-Fetch/src/controllers/AuthController.js:82:31)
    at AuthController.doAction (/home/maxence-roy/web-ii/Assignments/5-Fetch/src/controllers/Controller.js:9:15)
    at Router.dispatch (/home/maxence-roy/web-ii/Assignments/5-Fetch/src/router/Router.js:56:42)
    at App.sendResponse (/home/maxence-roy/web-ii/Assignments/5-Fetch/src/App.js:43:38)
    at Server.<anonymous> (/home/maxence-roy/web-ii/Assignments/5-Fetch/server.js:91:12)
    at processTicksAndRejections (internal/process/task_queues.js:93:5)
[2021-5-5 15:46:13] 💌 << 400 BAD_REQUEST
[2021-5-5 15:46:13] 📨 >> GET /user/1 ""
[2021-5-5 15:46:13] 💌 << 200 OK
[2021-5-5 15:46:23] 📨 >> GET / ""
[2021-5-5 15:46:24] 💌 << 200 OK
[2021-5-5 15:46:24] 📨 >> GET /user/1 ""
[2021-5-5 15:46:24] 💌 << 200 OK
[2021-5-5 15:46:24] 📨 >> GET /auth/login ""
[2021-5-5 15:46:24] 💌 << 200 OK
[2021-5-5 15:46:24] 📨 >> GET /user/1 ""
[2021-5-5 15:46:24] 💌 << 200 OK
[2021-5-5 15:46:24] 📨 >> POST /auth/login {
	"email": "Casandra.Botsford@yahoo.com.com",
	"password": "cIRCpALnEVDDvxg"
}
[2021-5-5 15:46:24] AuthException: Cannot log in: Invalid credentials.
    at AuthController.logIn (/home/maxence-roy/web-ii/Assignments/5-Fetch/src/controllers/AuthController.js:84:19)
    at processTicksAndRejections (internal/process/task_queues.js:93:5)
    at async Router.dispatch (/home/maxence-roy/web-ii/Assignments/5-Fetch/src/router/Router.js:56:20)
    at async App.sendResponse (/home/maxence-roy/web-ii/Assignments/5-Fetch/src/App.js:43:20)
    at async Server.<anonymous> (/home/maxence-roy/web-ii/Assignments/5-Fetch/server.js:91:2)
[2021-5-5 15:46:24] AuthException: Cannot log in: Invalid credentials.
    at AuthController.logIn (/home/maxence-roy/web-ii/Assignments/5-Fetch/src/controllers/AuthController.js:84:19)
    at processTicksAndRejections (internal/process/task_queues.js:93:5)
    at async Router.dispatch (/home/maxence-roy/web-ii/Assignments/5-Fetch/src/router/Router.js:56:20)
    at async App.sendResponse (/home/maxence-roy/web-ii/Assignments/5-Fetch/src/App.js:43:20)
    at async Server.<anonymous> (/home/maxence-roy/web-ii/Assignments/5-Fetch/server.js:91:2)
[2021-5-5 15:46:24] 💌 << 400 BAD_REQUEST
[2021-5-5 15:46:24] 📨 >> GET /user/1 ""
[2021-5-5 15:46:24] 💌 << 200 OK
[2021-5-5 15:46:31] 📨 >> GET / ""
[2021-5-5 15:46:31] 💌 << 200 OK
[2021-5-5 15:46:31] 📨 >> GET /user/1 ""
[2021-5-5 15:46:31] 💌 << 200 OK
[2021-5-5 15:46:31] 📨 >> GET /auth/login ""
[2021-5-5 15:46:31] 💌 << 200 OK
[2021-5-5 15:46:31] 📨 >> GET /user/1 ""
[2021-5-5 15:46:31] 💌 << 200 OK
[2021-5-5 15:46:32] 📨 >> POST /auth/login {
	"email": "Zechariah_Lockman@hotmail.com",
	"password": "hwJQiT6Jz3uLmQZ123"
}
[2021-5-5 15:46:32] AuthException: Cannot log in: Invalid credentials.
    at AuthController.logIn (/home/maxence-roy/web-ii/Assignments/5-Fetch/src/controllers/AuthController.js:84:19)
    at processTicksAndRejections (internal/process/task_queues.js:93:5)
    at async Router.dispatch (/home/maxence-roy/web-ii/Assignments/5-Fetch/src/router/Router.js:56:20)
    at async App.sendResponse (/home/maxence-roy/web-ii/Assignments/5-Fetch/src/App.js:43:20)
    at async Server.<anonymous> (/home/maxence-roy/web-ii/Assignments/5-Fetch/server.js:91:2)
[2021-5-5 15:46:32] AuthException: Cannot log in: Invalid credentials.
    at AuthController.logIn (/home/maxence-roy/web-ii/Assignments/5-Fetch/src/controllers/AuthController.js:84:19)
    at processTicksAndRejections (internal/process/task_queues.js:93:5)
    at async Router.dispatch (/home/maxence-roy/web-ii/Assignments/5-Fetch/src/router/Router.js:56:20)
    at async App.sendResponse (/home/maxence-roy/web-ii/Assignments/5-Fetch/src/App.js:43:20)
    at async Server.<anonymous> (/home/maxence-roy/web-ii/Assignments/5-Fetch/server.js:91:2)
[2021-5-5 15:46:32] 💌 << 400 BAD_REQUEST
[2021-5-5 15:46:32] 📨 >> GET /user/1 ""
[2021-5-5 15:46:32] 💌 << 200 OK
[2021-5-5 15:46:38] 📨 >> GET / ""
[2021-5-5 15:46:38] 💌 << 200 OK
[2021-5-5 15:46:38] 📨 >> GET /user/1 ""
[2021-5-5 15:46:38] 💌 << 200 OK
[2021-5-5 15:46:38] 📨 >> GET /auth/login ""
[2021-5-5 15:46:38] 💌 << 200 OK
[2021-5-5 15:46:38] 📨 >> GET /user/1 ""
[2021-5-5 15:46:38] 💌 << 200 OK
[2021-5-5 15:46:38] 📨 >> POST /auth/login {
	"email": "Darien_Von@hotmail.com",
	"password": "4Jy5pOWml9iSBFs"
}
[2021-5-5 15:46:38] 💌 << 303 SEE_OTHER
[2021-5-5 15:46:38] 📨 >> GET /user/1 ""
[2021-5-5 15:46:39] 💌 << 200 OK
[2021-5-5 15:46:39] 📨 >> GET /user/1 ""
[2021-5-5 15:46:39] 💌 << 200 OK
[2021-5-5 15:46:39] 📨 >> GET /auth/logout ""
[2021-5-5 15:46:39] 💌 << 303 SEE_OTHER
[2021-5-5 15:46:39] 📨 >> GET / ""
[2021-5-5 15:46:39] 💌 << 200 OK
[2021-5-5 15:46:39] 📨 >> GET /user/1 ""
[2021-5-5 15:46:39] 💌 << 200 OK
[2021-5-5 15:46:50] 📨 >> GET / ""
[2021-5-5 15:46:50] 💌 << 200 OK
[2021-5-5 15:46:50] 📨 >> GET /user/1 ""
[2021-5-5 15:46:50] 💌 << 200 OK
[2021-5-5 15:46:50] 📨 >> GET /auth/login ""
[2021-5-5 15:46:50] 💌 << 200 OK
[2021-5-5 15:46:50] 📨 >> GET /user/1 ""
[2021-5-5 15:46:50] 💌 << 200 OK
[2021-5-5 15:46:51] 📨 >> POST /auth/login {
	"email": "Kaelyn.Herman69@gmail.com",
	"password": "2AZuNIQjGAWXnVC",
	"remember": "on"
}
[2021-5-5 15:46:51] 💌 << 303 SEE_OTHER
[2021-5-5 15:46:51] 📨 >> GET /user/1 ""
[2021-5-5 15:46:51] 💌 << 200 OK
[2021-5-5 15:46:51] 📨 >> GET /user/1 ""
[2021-5-5 15:46:51] 💌 << 200 OK
[2021-5-5 15:46:51] 📨 >> GET /auth/logout ""
[2021-5-5 15:46:51] 💌 << 303 SEE_OTHER
[2021-5-5 15:46:51] 📨 >> GET / ""
[2021-5-5 15:46:51] 💌 << 200 OK
[2021-5-5 15:46:51] 📨 >> GET /user/1 ""
[2021-5-5 15:46:51] 💌 << 200 OK
[2021-5-5 15:46:51] 📨 >> GET /auth/login ""
[2021-5-5 15:46:51] 💌 << 200 OK
[2021-5-5 15:46:52] 📨 >> GET /user/1 ""
[2021-5-5 15:46:52] 💌 << 200 OK
[2021-5-5 15:49:18] 📨 >> GET / ""
[2021-5-5 15:49:18] 💌 << 200 OK
[2021-5-5 15:49:19] 📨 >> GET /user/1 ""
[2021-5-5 15:49:19] 💌 << 200 OK
[2021-5-5 15:49:19] 📨 >> GET /auth/login ""
[2021-5-5 15:49:19] 💌 << 200 OK
[2021-5-5 15:49:19] 📨 >> GET /user/1 ""
[2021-5-5 15:49:19] 💌 << 200 OK
[2021-5-5 15:49:19] 📨 >> POST /auth/login {
	"email": "Tyreek8@hotmail.com",
	"password": "8oQhAGPvFBs_sbt"
}
[2021-5-5 15:49:19] 💌 << 303 SEE_OTHER
[2021-5-5 15:49:19] 📨 >> GET /user/7 ""
[2021-5-5 15:49:19] 💌 << 200 OK
[2021-5-5 15:49:19] 📨 >> GET /user/1 ""
[2021-5-5 15:49:19] 💌 << 200 OK
[2021-5-5 15:49:19] 📨 >> GET / ""
[2021-5-5 15:49:19] 💌 << 200 OK
[2021-5-5 15:49:19] 📨 >> GET /user/1 ""
[2021-5-5 15:49:19] 💌 << 200 OK
[2021-5-5 15:49:20] 📨 >> GET /category/3 ""
[2021-5-5 15:49:20] 💌 << 200 OK
[2021-5-5 15:49:20] 📨 >> GET /user/1 ""
[2021-5-5 15:49:20] 💌 << 200 OK
[2021-5-5 15:49:20] 📨 >> GET /post/3 ""
[2021-5-5 15:49:20] 💌 << 200 OK
[2021-5-5 15:49:20] 📨 >> GET /user/1 ""
[2021-5-5 15:49:20] 💌 << 200 OK
[2021-5-5 15:49:21] 📨 >> GET /post/3/unbookmark ""
[2021-5-5 15:49:21] PostException: Cannot unbookmark Post: Post has not been bookmarked.
    at Post.unbookmark (/home/maxence-roy/web-ii/Assignments/5-Fetch/src/models/Post.js:238:10)
    at processTicksAndRejections (internal/process/task_queues.js:93:5)
    at async PostController.unbookmark (/home/maxence-roy/web-ii/Assignments/5-Fetch/src/controllers/PostController.js:253:9)
    at async Router.dispatch (/home/maxence-roy/web-ii/Assignments/5-Fetch/src/router/Router.js:56:20)
    at async App.sendResponse (/home/maxence-roy/web-ii/Assignments/5-Fetch/src/App.js:43:20)
    at async Server.<anonymous> (/home/maxence-roy/web-ii/Assignments/5-Fetch/server.js:91:2)
[2021-5-5 15:49:21] PostException: Cannot unbookmark Post: Post has not been bookmarked.
    at Post.unbookmark (/home/maxence-roy/web-ii/Assignments/5-Fetch/src/models/Post.js:238:10)
    at processTicksAndRejections (internal/process/task_queues.js:93:5)
    at async PostController.unbookmark (/home/maxence-roy/web-ii/Assignments/5-Fetch/src/controllers/PostController.js:253:9)
    at async Router.dispatch (/home/maxence-roy/web-ii/Assignments/5-Fetch/src/router/Router.js:56:20)
    at async App.sendResponse (/home/maxence-roy/web-ii/Assignments/5-Fetch/src/App.js:43:20)
    at async Server.<anonymous> (/home/maxence-roy/web-ii/Assignments/5-Fetch/server.js:91:2)
[2021-5-5 15:49:21] 💌 << 400 BAD_REQUEST
[2021-5-5 15:49:21] 📨 >> GET /user/7 ""
[2021-5-5 15:49:21] 💌 << 200 OK
[2021-5-5 15:49:21] 📨 >> GET /user/1 ""
[2021-5-5 15:49:21] 💌 << 200 OK
