[2021-5-9 23:29:21] 📨 >> GET / ""
[2021-5-9 23:29:21] 💌 << 200 OK
[2021-5-9 23:29:22] 📨 >> GET /user/1 ""
[2021-5-9 23:29:22] 💌 << 200 OK
[2021-5-9 23:29:23] 📨 >> GET /auth/login ""
[2021-5-9 23:29:23] 💌 << 200 OK
[2021-5-9 23:29:24] 📨 >> GET /user/1 ""
[2021-5-9 23:29:24] 💌 << 200 OK
[2021-5-9 23:29:24] 📨 >> POST /auth/login {
	"email": "Jaleel33@hotmail.com",
	"password": "kp63rxegNfnzcKc"
}
[2021-5-9 23:29:24] 💌 << 303 SEE_OTHER
[2021-5-9 23:29:24] 📨 >> GET /user/1 ""
[2021-5-9 23:29:24] 💌 << 200 OK
[2021-5-9 23:29:24] 📨 >> GET /user/1 ""
[2021-5-9 23:29:24] 💌 << 200 OK
[2021-5-9 23:29:25] 📨 >> GET / ""
[2021-5-9 23:29:25] 💌 << 200 OK
[2021-5-9 23:29:25] 📨 >> GET /user/1 ""
[2021-5-9 23:29:25] 💌 << 200 OK
[2021-5-9 23:29:25] 📨 >> GET /category/1 ""
[2021-5-9 23:29:25] 💌 << 200 OK
[2021-5-9 23:29:25] 📨 >> GET /user/1 ""
[2021-5-9 23:29:26] 💌 << 200 OK
[2021-5-9 23:29:26] 📨 >> GET /post/1 ""
[2021-5-9 23:29:26] 💌 << 200 OK
[2021-5-9 23:29:26] 📨 >> GET /user/1 ""
[2021-5-9 23:29:26] 💌 << 200 OK
[2021-5-9 23:29:26] 📨 >> GET /post/1/unbookmark ""
[2021-5-9 23:29:26] PostException: Cannot unbookmark Post: Post has not been bookmarked.
    at Post.unbookmark (/home/maxence-roy/web-ii/Assignments/5-Fetch/src/models/Post.js:238:10)
    at processTicksAndRejections (internal/process/task_queues.js:93:5)
    at async PostController.unbookmark (/home/maxence-roy/web-ii/Assignments/5-Fetch/src/controllers/PostController.js:253:9)
    at async Router.dispatch (/home/maxence-roy/web-ii/Assignments/5-Fetch/src/router/Router.js:56:20)
    at async App.sendResponse (/home/maxence-roy/web-ii/Assignments/5-Fetch/src/App.js:43:20)
    at async Server.<anonymous> (/home/maxence-roy/web-ii/Assignments/5-Fetch/server.js:91:2)
[2021-5-9 23:29:26] PostException: Cannot unbookmark Post: Post has not been bookmarked.
    at Post.unbookmark (/home/maxence-roy/web-ii/Assignments/5-Fetch/src/models/Post.js:238:10)
    at processTicksAndRejections (internal/process/task_queues.js:93:5)
    at async PostController.unbookmark (/home/maxence-roy/web-ii/Assignments/5-Fetch/src/controllers/PostController.js:253:9)
    at async Router.dispatch (/home/maxence-roy/web-ii/Assignments/5-Fetch/src/router/Router.js:56:20)
    at async App.sendResponse (/home/maxence-roy/web-ii/Assignments/5-Fetch/src/App.js:43:20)
    at async Server.<anonymous> (/home/maxence-roy/web-ii/Assignments/5-Fetch/server.js:91:2)
[2021-5-9 23:29:27] 💌 << 400 BAD_REQUEST
[2021-5-9 23:29:27] 📨 >> GET /user/1 ""
[2021-5-9 23:29:27] 💌 << 200 OK
[2021-5-9 23:29:27] 📨 >> GET /user/1 ""
[2021-5-9 23:29:27] 💌 << 200 OK
